210429 17:51:56 InnoDB: !!!!!!!! UNIV_DEBUG switched on !!!!!!!!!
210429 17:51:56 InnoDB: The InnoDB memory heap is disabled
210429 17:51:56 InnoDB: Mutexes and rw_locks use GCC atomic builtins
210429 17:51:56 InnoDB: Compressed tables use zlib 1.2.11
210429 17:51:56 InnoDB: Initializing buffer pool, size = 128.0M
210429 17:51:56 InnoDB: Completed initialization of buffer pool
InnoDB: The first specified data file ./ibdata1 did not exist:
InnoDB: a new database to be created!
210429 17:51:56  InnoDB: Setting file ./ibdata1 size to 10 MB
InnoDB: Database physically writes the file full: wait...
210429 17:51:56  InnoDB: Log file ./ib_logfile0 did not exist: new to be created
InnoDB: Setting log file ./ib_logfile0 size to 5 MB
InnoDB: Database physically writes the file full: wait...
210429 17:51:56  InnoDB: Log file ./ib_logfile1 did not exist: new to be created
InnoDB: Setting log file ./ib_logfile1 size to 5 MB
InnoDB: Database physically writes the file full: wait...
InnoDB: Doublewrite buffer not found: creating new
InnoDB: Doublewrite buffer created
InnoDB: 127 rollback segment(s) active.
InnoDB: Creating foreign key constraint system tables
InnoDB: Foreign key constraint system tables created
210429 17:51:58  InnoDB: Waiting for the background threads to start
210429 17:51:59 InnoDB: 5.5.62 started; log sequence number 0
210429 17:51:59 [Note] Server hostname (bind-address): '0.0.0.0'; port: 33060
210429 17:51:59 [Note]   - '0.0.0.0' resolves to '0.0.0.0';
210429 17:51:59 [Note] Server socket created on IP: '0.0.0.0'.
210429 17:51:59 [ERROR] Can't start server: Bind on TCP/IP port: Address already in use
210429 17:51:59 [ERROR] Do you already have another mysqld server running on port: 33060 ?
210429 17:51:59 [ERROR] Aborting

210429 17:51:59  InnoDB: Starting shutdown...
210429 17:51:59  InnoDB: Shutdown completed; log sequence number 1595675
210429 17:51:59 [Note] /Users/linchengzhong/MyDocument/myCode/myGitHub/mysql-5.5.62/sql/mysqld: Shutdown complete

210429 17:54:24 InnoDB: !!!!!!!! UNIV_DEBUG switched on !!!!!!!!!
210429 17:54:24 InnoDB: The InnoDB memory heap is disabled
210429 17:54:24 InnoDB: Mutexes and rw_locks use GCC atomic builtins
210429 17:54:24 InnoDB: Compressed tables use zlib 1.2.11
210429 17:54:24 InnoDB: Initializing buffer pool, size = 128.0M
210429 17:54:24 InnoDB: Completed initialization of buffer pool
210429 17:54:24 InnoDB: highest supported file format is Barracuda.
210429 17:54:25  InnoDB: Waiting for the background threads to start
210429 17:54:26 InnoDB: 5.5.62 started; log sequence number 1595675
210429 17:54:26 [Note] Server hostname (bind-address): '0.0.0.0'; port: 33060
210429 17:54:26 [Note]   - '0.0.0.0' resolves to '0.0.0.0';
210429 17:54:26 [Note] Server socket created on IP: '0.0.0.0'.
210429 17:54:26 [ERROR] Can't start server: Bind on TCP/IP port: Address already in use
210429 17:54:26 [ERROR] Do you already have another mysqld server running on port: 33060 ?
210429 17:54:26 [ERROR] Aborting

210429 17:54:26  InnoDB: Starting shutdown...
210429 17:54:26  InnoDB: Shutdown completed; log sequence number 1595675
210429 17:54:26 [Note] /Users/linchengzhong/MyDocument/myCode/myGitHub/mysql-5.5.62/sql/mysqld: Shutdown complete

